<?xml version="1.0" encoding="UTF-8"?>
<testng-results ignored="0" total="33" passed="31" failed="2" skipped="0">
  <reporter-output>
    <line>
      <![CDATA[Chrome Setup is done]]>
    </line>
    <line>
      <![CDATA[Vision Test Page is accessed]]>
    </line>
    <line>
      <![CDATA[Window is maximized]]>
    </line>
    <line>
      <![CDATA[VISION is Opened]]>
    </line>
    <line>
      <![CDATA[Send UserId of shivanip]]>
    </line>
    <line>
      <![CDATA[Send Password of Sodium@11]]>
    </line>
    <line>
      <![CDATA[Login Clicked]]>
    </line>
    <line>
      <![CDATA[Successful Login.VISION HomePage entered]]>
    </line>
    <line>
      <![CDATA[Shivanis Device is Selected]]>
    </line>
    <line>
      <![CDATA[02/18/2020 Calendar Date is Selected]]>
    </line>
    <line>
      <![CDATA[Trip Number 13]]>
    </line>
    <line>
      <![CDATA[Trip Duration Time 1
11:08 AM EST 11:12 AM EST]]>
    </line>
    <line>
      <![CDATA[Trip Number 14]]>
    </line>
    <line>
      <![CDATA[Trip Duration Time 2
11:21 AM EST 11:24 AM EST]]>
    </line>
    <line>
      <![CDATA[Trip Number 15]]>
    </line>
    <line>
      <![CDATA[Trip Duration Time 3
11:30 AM EST 11:34 AM EST]]>
    </line>
    <line>
      <![CDATA[messages2222221111_1582146933848.csvFile found]]>
    </line>
    <line>
      <![CDATA[packets2222221111_1582146950660.csvFile found]]>
    </line>
    <line>
      <![CDATA[Logged Out]]>
    </line>
    <line>
      <![CDATA[Chrome Setup is done]]>
    </line>
    <line>
      <![CDATA[Vision Test Page is accessed]]>
    </line>
    <line>
      <![CDATA[Window is maximized]]>
    </line>
    <line>
      <![CDATA[VISION is Opened]]>
    </line>
    <line>
      <![CDATA[Send UserId of shivanip]]>
    </line>
    <line>
      <![CDATA[Send Password of Sodium@11]]>
    </line>
    <line>
      <![CDATA[Login Clicked]]>
    </line>
    <line>
      <![CDATA[Successful Login.VISION HomePage entered]]>
    </line>
    <line>
      <![CDATA[Shivanis Device is Selected]]>
    </line>
    <line>
      <![CDATA[02/18/2020 Calendar Date is Selected]]>
    </line>
    <line>
      <![CDATA[All Tab is Selected]]>
    </line>
    <line>
      <![CDATA[Sorting of MsgID is true]]>
    </line>
    <line>
      <![CDATA[Searching of MsgID 240 is true]]>
    </line>
    <line>
      <![CDATA[Sorting of Protocol is true]]>
    </line>
    <line>
      <![CDATA[Searching of Protocol UDP is true]]>
    </line>
    <line>
      <![CDATA[Sorting of DeviceTime is true]]>
    </line>
    <line>
      <![CDATA[Sorting of DeviceTime is true]]>
    </line>
    <line>
      <![CDATA[Searching of Payload Type of  D is true]]>
    </line>
    <line>
      <![CDATA[messages2222221111_1582146933848.csvFile found]]>
    </line>
    <line>
      <![CDATA[packets2222221111_1582146950660.csvFile found]]>
    </line>
    <line>
      <![CDATA[Logged Out]]>
    </line>
    <line>
      <![CDATA[Chrome Setup is done]]>
    </line>
    <line>
      <![CDATA[Vision Test Page is accessed]]>
    </line>
    <line>
      <![CDATA[Window is maximized]]>
    </line>
    <line>
      <![CDATA[VISION is Opened]]>
    </line>
    <line>
      <![CDATA[Send UserId of shivanip]]>
    </line>
    <line>
      <![CDATA[Send Password of Sodium@11]]>
    </line>
    <line>
      <![CDATA[Login Clicked]]>
    </line>
    <line>
      <![CDATA[Successful Login.VISION HomePage entered]]>
    </line>
    <line>
      <![CDATA[Trips in Home Page is Accessed]]>
    </line>
    <line>
      <![CDATA[Shivanis Device is Selected]]>
    </line>
    <line>
      <![CDATA[02/18/2020 Calendar Date is selected]]>
    </line>
    <line>
      <![CDATA[256 records retrieved.]]>
    </line>
    <line>
      <![CDATA[Total Trips :  3]]>
    </line>
    <line>
      <![CDATA[Trip Number 13]]>
    </line>
    <line>
      <![CDATA[Trip Start Time 11:08 AM EST]]>
    </line>
    <line>
      <![CDATA[Trip End Time 11:12 AM EST]]>
    </line>
    <line>
      <![CDATA[Trip Distance 22 miles]]>
    </line>
    <line>
      <![CDATA[Trip Events 0]]>
    </line>
    <line>
      <![CDATA[Logged Out]]>
    </line>
    <line>
      <![CDATA[Chrome Setup is done]]>
    </line>
    <line>
      <![CDATA[Vision Test Page is accessed]]>
    </line>
    <line>
      <![CDATA[Window is maximized]]>
    </line>
    <line>
      <![CDATA[VISION is Opened]]>
    </line>
    <line>
      <![CDATA[Send UserId of shivanip]]>
    </line>
    <line>
      <![CDATA[Send Password of Sodium@11]]>
    </line>
    <line>
      <![CDATA[Login Clicked]]>
    </line>
    <line>
      <![CDATA[Successful Login.VISION HomePage entered]]>
    </line>
    <line>
      <![CDATA[Shivanis Device is Selected]]>
    </line>
    <line>
      <![CDATA[02/18/2020 Calendar Date is Selected]]>
    </line>
    <line>
      <![CDATA[3 Trips Found]]>
    </line>
    <line>
      <![CDATA[Trip Number 13]]>
    </line>
    <line>
      <![CDATA[Trip Duration Time 1
11:08 AM EST 11:12 AM EST]]>
    </line>
    <line>
      <![CDATA[Trip Number 14]]>
    </line>
    <line>
      <![CDATA[Trip Duration Time 2
11:21 AM EST 11:24 AM EST]]>
    </line>
    <line>
      <![CDATA[Trip Number 15]]>
    </line>
    <line>
      <![CDATA[Trip Duration Time 3
11:30 AM EST 11:34 AM EST]]>
    </line>
    <line>
      <![CDATA[Searching of PID 12 is true]]>
    </line>
    <line>
      <![CDATA[Searching of Description DTC is true]]>
    </line>
    <line>
      <![CDATA[Searching of Units Bits-No Records Found]]>
    </line>
    <line>
      <![CDATA[Searching of Description 61-No Records Found]]>
    </line>
    <line>
      <![CDATA[Logged Out]]>
    </line>
    <line>
      <![CDATA[Chrome Setup is done]]>
    </line>
    <line>
      <![CDATA[Vision Test Page is accessed]]>
    </line>
    <line>
      <![CDATA[Window is maximized]]>
    </line>
    <line>
      <![CDATA[VISION is Opened]]>
    </line>
    <line>
      <![CDATA[Send UserId of shivanip]]>
    </line>
    <line>
      <![CDATA[Send Password of Sodium@11]]>
    </line>
    <line>
      <![CDATA[Login Clicked]]>
    </line>
    <line>
      <![CDATA[Successful Login.VISION HomePage entered]]>
    </line>
    <line>
      <![CDATA[0095_mojis Selected]]>
    </line>
    <line>
      <![CDATA[LATEST ALERTS is Opened]]>
    </line>
    <line>
      <![CDATA[You Have No Alerts To View]]>
    </line>
    <line>
      <![CDATA[ is Opened]]>
    </line>
    <line>
      <![CDATA[]]>
    </line>
    <line>
      <![CDATA[ is Opened]]>
    </line>
    <line>
      <![CDATA[]]>
    </line>
    <line>
      <![CDATA[ is Opened]]>
    </line>
    <line>
      <![CDATA[]]>
    </line>
    <line>
      <![CDATA[Logged Out]]>
    </line>
  </reporter-output>
  <suite started-at="2020-02-20T09:45:18 EST" name="Suite" finished-at="2020-02-20T09:51:17 EST" duration-ms="359487">
    <groups>
    </groups>
    <test started-at="2020-02-20T09:45:18 EST" name="Test" finished-at="2020-02-20T09:51:17 EST" duration-ms="359487">
      <class name="Home.Trips">
        <test-method signature="Test()[pri:0, instance:Home.Trips@4e91d63f]" started-at="2020-02-20T09:47:34 EST" name="Test" finished-at="2020-02-20T09:47:44 EST" duration-ms="10406" status="PASS">
          <reporter-output>
            <line>
              <![CDATA[Chrome Setup is done]]>
            </line>
            <line>
              <![CDATA[Vision Test Page is accessed]]>
            </line>
            <line>
              <![CDATA[Window is maximized]]>
            </line>
            <line>
              <![CDATA[VISION is Opened]]>
            </line>
            <line>
              <![CDATA[Send UserId of shivanip]]>
            </line>
            <line>
              <![CDATA[Send Password of Sodium@11]]>
            </line>
            <line>
              <![CDATA[Login Clicked]]>
            </line>
            <line>
              <![CDATA[Successful Login.VISION HomePage entered]]>
            </line>
          </reporter-output>
        </test-method> <!-- Test -->
        <test-method signature="TripsPage()[pri:1, instance:Home.Trips@4e91d63f]" started-at="2020-02-20T09:47:44 EST" name="TripsPage" finished-at="2020-02-20T09:47:51 EST" duration-ms="6809" status="PASS">
          <reporter-output>
            <line>
              <![CDATA[Trips in Home Page is Accessed]]>
            </line>
            <line>
              <![CDATA[Shivanis Device is Selected]]>
            </line>
            <line>
              <![CDATA[02/18/2020 Calendar Date is selected]]>
            </line>
            <line>
              <![CDATA[256 records retrieved.]]>
            </line>
          </reporter-output>
        </test-method> <!-- TripsPage -->
        <test-method signature="Trip()[pri:3, instance:Home.Trips@4e91d63f]" started-at="2020-02-20T09:47:51 EST" name="Trip" finished-at="2020-02-20T09:48:23 EST" duration-ms="31476" status="FAIL">
          <exception class="org.openqa.selenium.NoSuchElementException">
            <message>
              <![CDATA[Cannot locate element with text: UDP
For documentation on this error, please visit: https://www.seleniumhq.org/exceptions/no_such_element.html
Build info: version: '3.141.59', revision: 'e82be7d358', time: '2018-11-14T08:17:03'
System info: host: 'NBDLH6PY3H2', ip: '10.105.40.84', os.name: 'Windows 10', os.arch: 'amd64', os.version: '10.0', java.version: '12.0.2'
Driver info: driver.version: unknown]]>
            </message>
            <full-stacktrace>
              <![CDATA[org.openqa.selenium.NoSuchElementException: Cannot locate element with text: UDP
For documentation on this error, please visit: https://www.seleniumhq.org/exceptions/no_such_element.html
Build info: version: '3.141.59', revision: 'e82be7d358', time: '2018-11-14T08:17:03'
System info: host: 'NBDLH6PY3H2', ip: '10.105.40.84', os.name: 'Windows 10', os.arch: 'amd64', os.version: '10.0', java.version: '12.0.2'
Driver info: driver.version: unknown
at org.openqa.selenium.support.ui.Select.selectByVisibleText(Select.java:147)
at Home.Trips.Trip(Trips.java:94)
at java.base/jdk.internal.reflect.NativeMethodAccessorImpl.invoke0(Native Method)
at java.base/jdk.internal.reflect.NativeMethodAccessorImpl.invoke(NativeMethodAccessorImpl.java:62)
at java.base/jdk.internal.reflect.DelegatingMethodAccessorImpl.invoke(DelegatingMethodAccessorImpl.java:43)
at java.base/java.lang.reflect.Method.invoke(Method.java:567)
at org.testng.internal.MethodInvocationHelper.invokeMethod(MethodInvocationHelper.java:133)
at org.testng.internal.TestInvoker.invokeMethod(TestInvoker.java:584)
at org.testng.internal.TestInvoker.invokeTestMethod(TestInvoker.java:172)
at org.testng.internal.MethodRunner.runInSequence(MethodRunner.java:46)
at org.testng.internal.TestInvoker$MethodInvocationAgent.invoke(TestInvoker.java:804)
at org.testng.internal.TestInvoker.invokeTestMethods(TestInvoker.java:145)
at org.testng.internal.TestMethodWorker.invokeTestMethods(TestMethodWorker.java:146)
at org.testng.internal.TestMethodWorker.run(TestMethodWorker.java:128)
at java.base/java.util.ArrayList.forEach(ArrayList.java:1540)
at org.testng.TestRunner.privateRun(TestRunner.java:770)
at org.testng.TestRunner.run(TestRunner.java:591)
at org.testng.SuiteRunner.runTest(SuiteRunner.java:402)
at org.testng.SuiteRunner.runSequentially(SuiteRunner.java:396)
at org.testng.SuiteRunner.privateRun(SuiteRunner.java:355)
at org.testng.SuiteRunner.run(SuiteRunner.java:304)
at org.testng.SuiteRunnerWorker.runSuite(SuiteRunnerWorker.java:53)
at org.testng.SuiteRunnerWorker.run(SuiteRunnerWorker.java:96)
at org.testng.TestNG.runSuitesSequentially(TestNG.java:1180)
at org.testng.TestNG.runSuitesLocally(TestNG.java:1102)
at org.testng.TestNG.runSuites(TestNG.java:1032)
at org.testng.TestNG.run(TestNG.java:1000)
at org.testng.remote.AbstractRemoteTestNG.run(AbstractRemoteTestNG.java:115)
at org.testng.remote.RemoteTestNG.initAndRun(RemoteTestNG.java:251)
at org.testng.remote.RemoteTestNG.main(RemoteTestNG.java:77)
]]>
            </full-stacktrace>
          </exception> <!-- org.openqa.selenium.NoSuchElementException -->
          <reporter-output>
            <line>
              <![CDATA[Total Trips :  3]]>
            </line>
            <line>
              <![CDATA[Trip Number 13]]>
            </line>
            <line>
              <![CDATA[Trip Start Time 11:08 AM EST]]>
            </line>
            <line>
              <![CDATA[Trip End Time 11:12 AM EST]]>
            </line>
            <line>
              <![CDATA[Trip Distance 22 miles]]>
            </line>
            <line>
              <![CDATA[Trip Events 0]]>
            </line>
          </reporter-output>
        </test-method> <!-- Trip -->
        <test-method is-config="true" signature="Logout()[pri:0, instance:Home.Trips@4e91d63f]" started-at="2020-02-20T09:48:23 EST" name="Logout" finished-at="2020-02-20T09:48:23 EST" duration-ms="234" status="PASS">
          <reporter-output>
            <line>
              <![CDATA[Logged Out]]>
            </line>
          </reporter-output>
        </test-method> <!-- Logout -->
      </class> <!-- Home.Trips -->
      <class name="Home.VehiclePage">
        <test-method signature="Test()[pri:0, instance:Home.VehiclePage@d4342c2]" started-at="2020-02-20T09:48:23 EST" name="Test" finished-at="2020-02-20T09:48:33 EST" duration-ms="10459" status="PASS">
          <reporter-output>
            <line>
              <![CDATA[Chrome Setup is done]]>
            </line>
            <line>
              <![CDATA[Vision Test Page is accessed]]>
            </line>
            <line>
              <![CDATA[Window is maximized]]>
            </line>
            <line>
              <![CDATA[VISION is Opened]]>
            </line>
            <line>
              <![CDATA[Send UserId of shivanip]]>
            </line>
            <line>
              <![CDATA[Send Password of Sodium@11]]>
            </line>
            <line>
              <![CDATA[Login Clicked]]>
            </line>
            <line>
              <![CDATA[Successful Login.VISION HomePage entered]]>
            </line>
          </reporter-output>
        </test-method> <!-- Test -->
        <test-method signature="Data(java.lang.String, java.lang.String)[pri:1, instance:Home.VehiclePage@d4342c2]" started-at="2020-02-20T09:48:33 EST" name="Data" data-provider="getData" finished-at="2020-02-20T09:48:37 EST" duration-ms="4151" status="PASS">
          <params>
            <param index="0">
              <value>
                <![CDATA[02/18/2020]]>
              </value>
            </param>
            <param index="1">
              <value>
                <![CDATA[2222221111]]>
              </value>
            </param>
          </params>
          <reporter-output>
            <line>
              <![CDATA[Shivanis Device is Selected]]>
            </line>
            <line>
              <![CDATA[02/18/2020 Calendar Date is Selected]]>
            </line>
          </reporter-output>
        </test-method> <!-- Data -->
        <test-method signature="Trips()[pri:3, instance:Home.VehiclePage@d4342c2]" started-at="2020-02-20T09:48:37 EST" name="Trips" finished-at="2020-02-20T09:48:39 EST" duration-ms="1211" status="PASS">
          <reporter-output>
            <line>
              <![CDATA[3 Trips Found]]>
            </line>
            <line>
              <![CDATA[Trip Number 13]]>
            </line>
            <line>
              <![CDATA[Trip Duration Time 1
11:08 AM EST 11:12 AM EST]]>
            </line>
            <line>
              <![CDATA[Trip Number 14]]>
            </line>
            <line>
              <![CDATA[Trip Duration Time 2
11:21 AM EST 11:24 AM EST]]>
            </line>
            <line>
              <![CDATA[Trip Number 15]]>
            </line>
            <line>
              <![CDATA[Trip Duration Time 3
11:30 AM EST 11:34 AM EST]]>
            </line>
          </reporter-output>
        </test-method> <!-- Trips -->
        <test-method signature="PID(java.lang.String)[pri:4, instance:Home.VehiclePage@d4342c2]" started-at="2020-02-20T09:48:39 EST" name="PID" data-provider="getPIDData" finished-at="2020-02-20T09:49:11 EST" duration-ms="32505" status="PASS">
          <params>
            <param index="0">
              <value>
                <![CDATA[12]]>
              </value>
            </param>
          </params>
          <reporter-output>
            <line>
              <![CDATA[Searching of PID 12 is true]]>
            </line>
          </reporter-output>
        </test-method> <!-- PID -->
        <test-method signature="Description(java.lang.String)[pri:5, instance:Home.VehiclePage@d4342c2]" started-at="2020-02-20T09:49:11 EST" name="Description" data-provider="getDescrData" finished-at="2020-02-20T09:49:44 EST" duration-ms="32470" status="PASS">
          <params>
            <param index="0">
              <value>
                <![CDATA[DTC]]>
              </value>
            </param>
          </params>
          <reporter-output>
            <line>
              <![CDATA[Searching of Description DTC is true]]>
            </line>
          </reporter-output>
        </test-method> <!-- Description -->
        <test-method signature="Units(java.lang.String)[pri:6, instance:Home.VehiclePage@d4342c2]" started-at="2020-02-20T09:49:44 EST" name="Units" data-provider="getUnitData" finished-at="2020-02-20T09:50:16 EST" duration-ms="31999" status="PASS">
          <params>
            <param index="0">
              <value>
                <![CDATA[Bits]]>
              </value>
            </param>
          </params>
          <reporter-output>
            <line>
              <![CDATA[Searching of Units Bits-No Records Found]]>
            </line>
          </reporter-output>
        </test-method> <!-- Units -->
        <test-method signature="Periodicity(java.lang.String)[pri:7, instance:Home.VehiclePage@d4342c2]" started-at="2020-02-20T09:50:16 EST" name="Periodicity" data-provider="getPeriodicityData" finished-at="2020-02-20T09:50:48 EST" duration-ms="31924" status="PASS">
          <params>
            <param index="0">
              <value>
                <![CDATA[61]]>
              </value>
            </param>
          </params>
          <reporter-output>
            <line>
              <![CDATA[Searching of Description 61-No Records Found]]>
            </line>
          </reporter-output>
        </test-method> <!-- Periodicity -->
        <test-method is-config="true" signature="Logout()[pri:0, instance:Home.VehiclePage@d4342c2]" started-at="2020-02-20T09:50:48 EST" name="Logout" finished-at="2020-02-20T09:50:48 EST" duration-ms="311" status="PASS">
          <reporter-output>
            <line>
              <![CDATA[Logged Out]]>
            </line>
          </reporter-output>
        </test-method> <!-- Logout -->
      </class> <!-- Home.VehiclePage -->
      <class name="Home.DataPage">
        <test-method signature="Test()[pri:0, instance:Home.DataPage@1a04f701]" started-at="2020-02-20T09:46:02 EST" name="Test" finished-at="2020-02-20T09:46:12 EST" duration-ms="10693" status="PASS">
          <reporter-output>
            <line>
              <![CDATA[Chrome Setup is done]]>
            </line>
            <line>
              <![CDATA[Vision Test Page is accessed]]>
            </line>
            <line>
              <![CDATA[Window is maximized]]>
            </line>
            <line>
              <![CDATA[VISION is Opened]]>
            </line>
            <line>
              <![CDATA[Send UserId of shivanip]]>
            </line>
            <line>
              <![CDATA[Send Password of Sodium@11]]>
            </line>
            <line>
              <![CDATA[Login Clicked]]>
            </line>
            <line>
              <![CDATA[Successful Login.VISION HomePage entered]]>
            </line>
          </reporter-output>
        </test-method> <!-- Test -->
        <test-method signature="Data(java.lang.String, java.lang.String)[pri:1, instance:Home.DataPage@1a04f701]" started-at="2020-02-20T09:46:12 EST" name="Data" data-provider="getData" finished-at="2020-02-20T09:46:16 EST" duration-ms="4012" status="PASS">
          <params>
            <param index="0">
              <value>
                <![CDATA[02/18/2020]]>
              </value>
            </param>
            <param index="1">
              <value>
                <![CDATA[2222221111]]>
              </value>
            </param>
          </params>
          <reporter-output>
            <line>
              <![CDATA[Shivanis Device is Selected]]>
            </line>
            <line>
              <![CDATA[02/18/2020 Calendar Date is Selected]]>
            </line>
            <line>
              <![CDATA[All Tab is Selected]]>
            </line>
          </reporter-output>
        </test-method> <!-- Data -->
        <test-method signature="MsgID(java.lang.String)[pri:2, instance:Home.DataPage@1a04f701]" started-at="2020-02-20T09:46:16 EST" name="MsgID" data-provider="getMsgIDData" finished-at="2020-02-20T09:46:21 EST" duration-ms="4952" status="PASS">
          <params>
            <param index="0">
              <value>
                <![CDATA[240]]>
              </value>
            </param>
          </params>
          <reporter-output>
            <line>
              <![CDATA[Sorting of MsgID is true]]>
            </line>
            <line>
              <![CDATA[Searching of MsgID 240 is true]]>
            </line>
          </reporter-output>
        </test-method> <!-- MsgID -->
        <test-method signature="Protocol(java.lang.String)[pri:2, instance:Home.DataPage@1a04f701]" started-at="2020-02-20T09:46:21 EST" name="Protocol" data-provider="getProtocolData" finished-at="2020-02-20T09:46:56 EST" duration-ms="34770" status="PASS">
          <params>
            <param index="0">
              <value>
                <![CDATA[UDP]]>
              </value>
            </param>
          </params>
          <reporter-output>
            <line>
              <![CDATA[Sorting of Protocol is true]]>
            </line>
            <line>
              <![CDATA[Searching of Protocol UDP is true]]>
            </line>
          </reporter-output>
        </test-method> <!-- Protocol -->
        <test-method signature="DeviceTime()[pri:4, instance:Home.DataPage@1a04f701]" started-at="2020-02-20T09:46:56 EST" name="DeviceTime" finished-at="2020-02-20T09:46:59 EST" duration-ms="2638" status="PASS">
          <reporter-output>
            <line>
              <![CDATA[Sorting of DeviceTime is true]]>
            </line>
          </reporter-output>
        </test-method> <!-- DeviceTime -->
        <test-method signature="ProviderTime()[pri:5, instance:Home.DataPage@1a04f701]" started-at="2020-02-20T09:46:59 EST" name="ProviderTime" finished-at="2020-02-20T09:47:02 EST" duration-ms="2730" status="FAIL">
          <exception class="java.lang.AssertionError">
            <message>
              <![CDATA[expected [true] but found [false]]]>
            </message>
            <full-stacktrace>
              <![CDATA[java.lang.AssertionError: expected [true] but found [false]
at org.testng.Assert.fail(Assert.java:97)
at org.testng.Assert.assertEqualsImpl(Assert.java:136)
at org.testng.Assert.assertEquals(Assert.java:118)
at org.testng.Assert.assertEquals(Assert.java:751)
at org.testng.Assert.assertEquals(Assert.java:761)
at Utilities.SortList.DataSort(SortList.java:23)
at Home.DataPage.ProviderTime(DataPage.java:129)
at java.base/jdk.internal.reflect.NativeMethodAccessorImpl.invoke0(Native Method)
at java.base/jdk.internal.reflect.NativeMethodAccessorImpl.invoke(NativeMethodAccessorImpl.java:62)
at java.base/jdk.internal.reflect.DelegatingMethodAccessorImpl.invoke(DelegatingMethodAccessorImpl.java:43)
at java.base/java.lang.reflect.Method.invoke(Method.java:567)
at org.testng.internal.MethodInvocationHelper.invokeMethod(MethodInvocationHelper.java:133)
at org.testng.internal.TestInvoker.invokeMethod(TestInvoker.java:584)
at org.testng.internal.TestInvoker.invokeTestMethod(TestInvoker.java:172)
at org.testng.internal.MethodRunner.runInSequence(MethodRunner.java:46)
at org.testng.internal.TestInvoker$MethodInvocationAgent.invoke(TestInvoker.java:804)
at org.testng.internal.TestInvoker.invokeTestMethods(TestInvoker.java:145)
at org.testng.internal.TestMethodWorker.invokeTestMethods(TestMethodWorker.java:146)
at org.testng.internal.TestMethodWorker.run(TestMethodWorker.java:128)
at java.base/java.util.ArrayList.forEach(ArrayList.java:1540)
at org.testng.TestRunner.privateRun(TestRunner.java:770)
at org.testng.TestRunner.run(TestRunner.java:591)
at org.testng.SuiteRunner.runTest(SuiteRunner.java:402)
at org.testng.SuiteRunner.runSequentially(SuiteRunner.java:396)
at org.testng.SuiteRunner.privateRun(SuiteRunner.java:355)
at org.testng.SuiteRunner.run(SuiteRunner.java:304)
at org.testng.SuiteRunnerWorker.runSuite(SuiteRunnerWorker.java:53)
at org.testng.SuiteRunnerWorker.run(SuiteRunnerWorker.java:96)
at org.testng.TestNG.runSuitesSequentially(TestNG.java:1180)
at org.testng.TestNG.runSuitesLocally(TestNG.java:1102)
at org.testng.TestNG.runSuites(TestNG.java:1032)
at org.testng.TestNG.run(TestNG.java:1000)
at org.testng.remote.AbstractRemoteTestNG.run(AbstractRemoteTestNG.java:115)
at org.testng.remote.RemoteTestNG.initAndRun(RemoteTestNG.java:251)
at org.testng.remote.RemoteTestNG.main(RemoteTestNG.java:77)
]]>
            </full-stacktrace>
          </exception> <!-- java.lang.AssertionError -->
          <reporter-output>
          </reporter-output>
        </test-method> <!-- ProviderTime -->
        <test-method signature="VisionTime()[pri:6, instance:Home.DataPage@1a04f701]" started-at="2020-02-20T09:47:02 EST" name="VisionTime" finished-at="2020-02-20T09:47:04 EST" duration-ms="2738" status="PASS">
          <reporter-output>
            <line>
              <![CDATA[Sorting of DeviceTime is true]]>
            </line>
          </reporter-output>
        </test-method> <!-- VisionTime -->
        <test-method signature="PayloadType(java.lang.String)[pri:7, instance:Home.DataPage@1a04f701]" started-at="2020-02-20T09:47:04 EST" name="PayloadType" data-provider="getPayloadData" finished-at="2020-02-20T09:47:06 EST" duration-ms="1890" status="PASS">
          <params>
            <param index="0">
              <value>
                <![CDATA[D]]>
              </value>
            </param>
          </params>
          <reporter-output>
            <line>
              <![CDATA[Searching of Payload Type of  D is true]]>
            </line>
          </reporter-output>
        </test-method> <!-- PayloadType -->
        <test-method signature="CSVFunctionality(java.lang.String, java.lang.String)[pri:8, instance:Home.DataPage@1a04f701]" started-at="2020-02-20T09:47:06 EST" name="CSVFunctionality" data-provider="getData" finished-at="2020-02-20T09:47:18 EST" duration-ms="11370" status="PASS">
          <params>
            <param index="0">
              <value>
                <![CDATA[02/18/2020]]>
              </value>
            </param>
            <param index="1">
              <value>
                <![CDATA[2222221111]]>
              </value>
            </param>
          </params>
          <reporter-output>
            <line>
              <![CDATA[messages2222221111_1582146933848.csvFile found]]>
            </line>
          </reporter-output>
        </test-method> <!-- CSVFunctionality -->
        <test-method signature="BinFunctionality(java.lang.String, java.lang.String)[pri:9, instance:Home.DataPage@1a04f701]" started-at="2020-02-20T09:47:18 EST" name="BinFunctionality" data-provider="getData" finished-at="2020-02-20T09:47:31 EST" duration-ms="13857" status="PASS">
          <params>
            <param index="0">
              <value>
                <![CDATA[02/18/2020]]>
              </value>
            </param>
            <param index="1">
              <value>
                <![CDATA[2222221111]]>
              </value>
            </param>
          </params>
          <reporter-output>
            <line>
              <![CDATA[packets2222221111_1582146950660.csvFile found]]>
            </line>
          </reporter-output>
        </test-method> <!-- BinFunctionality -->
        <test-method is-config="true" signature="Logout()[pri:0, instance:Home.DataPage@1a04f701]" started-at="2020-02-20T09:47:31 EST" name="Logout" finished-at="2020-02-20T09:47:34 EST" duration-ms="2401" status="PASS">
          <reporter-output>
            <line>
              <![CDATA[Logged Out]]>
            </line>
          </reporter-output>
        </test-method> <!-- Logout -->
      </class> <!-- Home.DataPage -->
      <class name="Home.DataTripsPage">
        <test-method signature="Test()[pri:0, instance:Home.DataTripsPage@2f112965]" started-at="2020-02-20T09:45:18 EST" name="Test" finished-at="2020-02-20T09:45:29 EST" duration-ms="10981" status="PASS">
          <reporter-output>
            <line>
              <![CDATA[Chrome Setup is done]]>
            </line>
            <line>
              <![CDATA[Vision Test Page is accessed]]>
            </line>
            <line>
              <![CDATA[Window is maximized]]>
            </line>
            <line>
              <![CDATA[VISION is Opened]]>
            </line>
            <line>
              <![CDATA[Send UserId of shivanip]]>
            </line>
            <line>
              <![CDATA[Send Password of Sodium@11]]>
            </line>
            <line>
              <![CDATA[Login Clicked]]>
            </line>
            <line>
              <![CDATA[Successful Login.VISION HomePage entered]]>
            </line>
          </reporter-output>
        </test-method> <!-- Test -->
        <test-method signature="Data(java.lang.String, java.lang.String)[pri:1, instance:Home.DataTripsPage@2f112965]" started-at="2020-02-20T09:45:29 EST" name="Data" data-provider="getData" finished-at="2020-02-20T09:45:33 EST" duration-ms="3665" status="PASS">
          <params>
            <param index="0">
              <value>
                <![CDATA[02/18/2020]]>
              </value>
            </param>
            <param index="1">
              <value>
                <![CDATA[2222221111]]>
              </value>
            </param>
          </params>
          <reporter-output>
            <line>
              <![CDATA[Shivanis Device is Selected]]>
            </line>
            <line>
              <![CDATA[02/18/2020 Calendar Date is Selected]]>
            </line>
          </reporter-output>
        </test-method> <!-- Data -->
        <test-method signature="Trips()[pri:2, instance:Home.DataTripsPage@2f112965]" started-at="2020-02-20T09:45:33 EST" name="Trips" finished-at="2020-02-20T09:45:35 EST" duration-ms="1364" status="PASS">
          <reporter-output>
            <line>
              <![CDATA[Trip Number 13]]>
            </line>
            <line>
              <![CDATA[Trip Duration Time 1
11:08 AM EST 11:12 AM EST]]>
            </line>
            <line>
              <![CDATA[Trip Number 14]]>
            </line>
            <line>
              <![CDATA[Trip Duration Time 2
11:21 AM EST 11:24 AM EST]]>
            </line>
            <line>
              <![CDATA[Trip Number 15]]>
            </line>
            <line>
              <![CDATA[Trip Duration Time 3
11:30 AM EST 11:34 AM EST]]>
            </line>
          </reporter-output>
        </test-method> <!-- Trips -->
        <test-method signature="CSVFunctionality(java.lang.String, java.lang.String)[pri:3, instance:Home.DataTripsPage@2f112965]" started-at="2020-02-20T09:45:35 EST" name="CSVFunctionality" data-provider="getData" finished-at="2020-02-20T09:45:46 EST" duration-ms="11363" status="PASS">
          <params>
            <param index="0">
              <value>
                <![CDATA[02/18/2020]]>
              </value>
            </param>
            <param index="1">
              <value>
                <![CDATA[2222221111]]>
              </value>
            </param>
          </params>
          <reporter-output>
            <line>
              <![CDATA[messages2222221111_1582146933848.csvFile found]]>
            </line>
          </reporter-output>
        </test-method> <!-- CSVFunctionality -->
        <test-method signature="BinFunctionality(java.lang.String, java.lang.String)[pri:4, instance:Home.DataTripsPage@2f112965]" started-at="2020-02-20T09:45:46 EST" name="BinFunctionality" data-provider="getData" finished-at="2020-02-20T09:45:59 EST" duration-ms="13438" status="PASS">
          <params>
            <param index="0">
              <value>
                <![CDATA[02/18/2020]]>
              </value>
            </param>
            <param index="1">
              <value>
                <![CDATA[2222221111]]>
              </value>
            </param>
          </params>
          <reporter-output>
            <line>
              <![CDATA[packets2222221111_1582146950660.csvFile found]]>
            </line>
          </reporter-output>
        </test-method> <!-- BinFunctionality -->
        <test-method is-config="true" signature="Logout()[pri:0, instance:Home.DataTripsPage@2f112965]" started-at="2020-02-20T09:45:59 EST" name="Logout" finished-at="2020-02-20T09:46:02 EST" duration-ms="2317" status="PASS">
          <reporter-output>
            <line>
              <![CDATA[Logged Out]]>
            </line>
          </reporter-output>
        </test-method> <!-- Logout -->
      </class> <!-- Home.DataTripsPage -->
      <class name="Home.HomePage">
        <test-method signature="Test()[pri:0, instance:Home.HomePage@2bbf180e]" started-at="2020-02-20T09:50:48 EST" name="Test" finished-at="2020-02-20T09:50:58 EST" duration-ms="10442" status="PASS">
          <reporter-output>
            <line>
              <![CDATA[Chrome Setup is done]]>
            </line>
            <line>
              <![CDATA[Vision Test Page is accessed]]>
            </line>
            <line>
              <![CDATA[Window is maximized]]>
            </line>
            <line>
              <![CDATA[VISION is Opened]]>
            </line>
            <line>
              <![CDATA[Send UserId of shivanip]]>
            </line>
            <line>
              <![CDATA[Send Password of Sodium@11]]>
            </line>
            <line>
              <![CDATA[Login Clicked]]>
            </line>
            <line>
              <![CDATA[Successful Login.VISION HomePage entered]]>
            </line>
          </reporter-output>
        </test-method> <!-- Test -->
        <test-method signature="DashboardPage()[pri:1, instance:Home.HomePage@2bbf180e]" started-at="2020-02-20T09:50:58 EST" name="DashboardPage" finished-at="2020-02-20T09:51:01 EST" duration-ms="2419" status="PASS">
          <reporter-output>
            <line>
              <![CDATA[0095_mojis Selected]]>
            </line>
          </reporter-output>
        </test-method> <!-- DashboardPage -->
        <test-method signature="LatestAlerts()[pri:2, instance:Home.HomePage@2bbf180e]" started-at="2020-02-20T09:51:01 EST" name="LatestAlerts" finished-at="2020-02-20T09:51:01 EST" duration-ms="474" status="PASS">
          <reporter-output>
            <line>
              <![CDATA[LATEST ALERTS is Opened]]>
            </line>
            <line>
              <![CDATA[You Have No Alerts To View]]>
            </line>
          </reporter-output>
        </test-method> <!-- LatestAlerts -->
        <test-method signature="VehicleStatus()[pri:3, instance:Home.HomePage@2bbf180e]" started-at="2020-02-20T09:51:01 EST" name="VehicleStatus" finished-at="2020-02-20T09:51:02 EST" duration-ms="275" status="PASS">
          <reporter-output>
            <line>
              <![CDATA[ is Opened]]>
            </line>
            <line>
              <![CDATA[]]>
            </line>
          </reporter-output>
        </test-method> <!-- VehicleStatus -->
        <test-method signature="DeviceEvents()[pri:4, instance:Home.HomePage@2bbf180e]" started-at="2020-02-20T09:51:02 EST" name="DeviceEvents" finished-at="2020-02-20T09:51:02 EST" duration-ms="313" status="PASS">
          <reporter-output>
            <line>
              <![CDATA[ is Opened]]>
            </line>
            <line>
              <![CDATA[]]>
            </line>
          </reporter-output>
        </test-method> <!-- DeviceEvents -->
        <test-method signature="Driving_behaviour()[pri:5, instance:Home.HomePage@2bbf180e]" started-at="2020-02-20T09:51:02 EST" name="Driving_behaviour" finished-at="2020-02-20T09:51:02 EST" duration-ms="316" status="PASS">
          <reporter-output>
            <line>
              <![CDATA[ is Opened]]>
            </line>
            <line>
              <![CDATA[]]>
            </line>
          </reporter-output>
        </test-method> <!-- Driving_behaviour -->
        <test-method signature="FullMap()[pri:6, instance:Home.HomePage@2bbf180e]" started-at="2020-02-20T09:51:02 EST" name="FullMap" finished-at="2020-02-20T09:51:10 EST" duration-ms="8277" status="PASS">
          <reporter-output>
          </reporter-output>
        </test-method> <!-- FullMap -->
        <test-method signature="Map()[pri:6, instance:Home.HomePage@2bbf180e]" started-at="2020-02-20T09:51:10 EST" name="Map" finished-at="2020-02-20T09:51:17 EST" duration-ms="6593" status="PASS">
          <reporter-output>
          </reporter-output>
        </test-method> <!-- Map -->
        <test-method is-config="true" signature="Logout()[pri:0, instance:Home.HomePage@2bbf180e]" started-at="2020-02-20T09:51:17 EST" name="Logout" finished-at="2020-02-20T09:51:17 EST" duration-ms="318" status="PASS">
          <reporter-output>
            <line>
              <![CDATA[Logged Out]]>
            </line>
          </reporter-output>
        </test-method> <!-- Logout -->
      </class> <!-- Home.HomePage -->
    </test> <!-- Test -->
  </suite> <!-- Suite -->
</testng-results>
